<?xml version="1.0" encoding="UTF-8"?>
<testng-results ignored="0" total="1" passed="0" failed="0" skipped="1">
  <reporter-output>
  </reporter-output>
  <suite started-at="2022-07-19T14:01:37 GMT-05:00" name="Default suite" finished-at="2022-07-19T14:02:27 GMT-05:00" duration-ms="49491">
    <groups>
    </groups>
    <test started-at="2022-07-19T14:01:37 GMT-05:00" name="Default test" finished-at="2022-07-19T14:02:27 GMT-05:00" duration-ms="49491">
      <class name="demo.Mobile">
        <test-method is-config="true" signature="beforeClass()[pri:0, instance:demo.Mobile@6da21078]" started-at="2022-07-19T14:01:37 GMT-05:00" name="beforeClass" finished-at="2022-07-19T14:02:27 GMT-05:00" duration-ms="49340" status="FAIL">
          <exception class="org.openqa.selenium.WebDriverException">
            <message>
              <![CDATA[Session [null] not available and is not among the last 1000 terminated sessions.
Active sessions are[ext. key d897e341-3d0d-46c3-b155-0d0475123414]
Command duration or timeout: 43 milliseconds
Build info: version: '2.53.0', revision: '35ae25b1534ae328c771e0856c93e187490ca824', time: '2016-03-15 10:43:46'
System info: host: 'Developer', ip: '172.20.32.1', os.name: 'Windows 11', os.arch: 'amd64', os.version: '10.0', java.version: '17.0.2'
Driver info: io.appium.java_client.android.AndroidDriver
Capabilities [{capabilities={appPackage=com.spotify.music, server:CONFIG_UUID=34b4d2a3-dbf6-46a8-8189-00f76c6b29b8, statBarHeight=72, noReset=false, viewportRect={top=72, left=0, width=1080, height=1704}, deviceName=emulator-5554, fullReset=true, platform=LINUX, deviceUDID=emulator-5554, desired={app=/opt/spotify.apk, appActivity=com.spotify.music.MainActivity, appPackage=com.spotify.music, server:CONFIG_UUID=34b4d2a3-dbf6-46a8-8189-00f76c6b29b8, noReset=false, automationName=UIAutomator2, platformName=android, deviceName=emulator-5554, fullReset=true}, platformVersion=7.1.1, webStorageEnabled=false, automationName=UIAutomator2, takesScreenshot=true, javascriptEnabled=true, platformName=android, deviceApiLevel=25, deviceManufacturer=Google, app=/opt/spotify.apk, deviceScreenSize=1080x1920, networkConnectionEnabled=true, warnings={}, databaseEnabled=false, appActivity=com.spotify.music.MainActivity, pixelRatio=3, locationContextEnabled=false, deviceScreenDensity=480, deviceModel=Android SDK built for x86}, sessionId=d897e341-3d0d-46c3-b155-0d0475123414, platform=ANY}]
Session ID: null]]>
            </message>
            <full-stacktrace>
              <![CDATA[org.openqa.selenium.WebDriverException: Session [null] not available and is not among the last 1000 terminated sessions.
Active sessions are[ext. key d897e341-3d0d-46c3-b155-0d0475123414]
Command duration or timeout: 43 milliseconds
Build info: version: '2.53.0', revision: '35ae25b1534ae328c771e0856c93e187490ca824', time: '2016-03-15 10:43:46'
System info: host: 'Developer', ip: '172.20.32.1', os.name: 'Windows 11', os.arch: 'amd64', os.version: '10.0', java.version: '17.0.2'
Driver info: io.appium.java_client.android.AndroidDriver
Capabilities [{capabilities={appPackage=com.spotify.music, server:CONFIG_UUID=34b4d2a3-dbf6-46a8-8189-00f76c6b29b8, statBarHeight=72, noReset=false, viewportRect={top=72, left=0, width=1080, height=1704}, deviceName=emulator-5554, fullReset=true, platform=LINUX, deviceUDID=emulator-5554, desired={app=/opt/spotify.apk, appActivity=com.spotify.music.MainActivity, appPackage=com.spotify.music, server:CONFIG_UUID=34b4d2a3-dbf6-46a8-8189-00f76c6b29b8, noReset=false, automationName=UIAutomator2, platformName=android, deviceName=emulator-5554, fullReset=true}, platformVersion=7.1.1, webStorageEnabled=false, automationName=UIAutomator2, takesScreenshot=true, javascriptEnabled=true, platformName=android, deviceApiLevel=25, deviceManufacturer=Google, app=/opt/spotify.apk, deviceScreenSize=1080x1920, networkConnectionEnabled=true, warnings={}, databaseEnabled=false, appActivity=com.spotify.music.MainActivity, pixelRatio=3, locationContextEnabled=false, deviceScreenDensity=480, deviceModel=Android SDK built for x86}, sessionId=d897e341-3d0d-46c3-b155-0d0475123414, platform=ANY}]
Session ID: null
at java.base/jdk.internal.reflect.NativeConstructorAccessorImpl.newInstance0(Native Method)
at java.base/jdk.internal.reflect.NativeConstructorAccessorImpl.newInstance(NativeConstructorAccessorImpl.java:77)
at java.base/jdk.internal.reflect.DelegatingConstructorAccessorImpl.newInstance(DelegatingConstructorAccessorImpl.java:45)
at java.base/java.lang.reflect.Constructor.newInstanceWithCaller(Constructor.java:499)
at java.base/java.lang.reflect.Constructor.newInstance(Constructor.java:480)
at org.openqa.selenium.remote.ErrorHandler.createThrowable(ErrorHandler.java:206)
at org.openqa.selenium.remote.ErrorHandler.throwIfResponseFailed(ErrorHandler.java:158)
at org.openqa.selenium.remote.RemoteWebDriver.execute(RemoteWebDriver.java:678)
at io.appium.java_client.DefaultGenericMobileDriver.execute(DefaultGenericMobileDriver.java:43)
at io.appium.java_client.AppiumDriver.execute(AppiumDriver.java:1)
at io.appium.java_client.android.AndroidDriver.execute(AndroidDriver.java:1)
at org.openqa.selenium.remote.RemoteWebDriver$RemoteWebDriverOptions$RemoteTimeouts.implicitlyWait(RemoteWebDriver.java:865)
at demo.Mobile.beforeClass(Mobile.java:80)
at java.base/jdk.internal.reflect.NativeMethodAccessorImpl.invoke0(Native Method)
at java.base/jdk.internal.reflect.NativeMethodAccessorImpl.invoke(NativeMethodAccessorImpl.java:77)
at java.base/jdk.internal.reflect.DelegatingMethodAccessorImpl.invoke(DelegatingMethodAccessorImpl.java:43)
at java.base/java.lang.reflect.Method.invoke(Method.java:568)
at org.testng.internal.MethodInvocationHelper.invokeMethod(MethodInvocationHelper.java:133)
at org.testng.internal.MethodInvocationHelper.invokeMethodConsideringTimeout(MethodInvocationHelper.java:62)
at org.testng.internal.ConfigInvoker.invokeConfigurationMethod(ConfigInvoker.java:385)
at org.testng.internal.ConfigInvoker.invokeConfigurations(ConfigInvoker.java:321)
at org.testng.TestRunner.invokeTestConfigurations(TestRunner.java:637)
at org.testng.TestRunner.beforeRun(TestRunner.java:627)
at org.testng.TestRunner.run(TestRunner.java:589)
at org.testng.SuiteRunner.runTest(SuiteRunner.java:377)
at org.testng.SuiteRunner.runSequentially(SuiteRunner.java:371)
at org.testng.SuiteRunner.privateRun(SuiteRunner.java:332)
at org.testng.SuiteRunner.run(SuiteRunner.java:276)
at org.testng.SuiteRunnerWorker.runSuite(SuiteRunnerWorker.java:53)
at org.testng.SuiteRunnerWorker.run(SuiteRunnerWorker.java:96)
at org.testng.TestNG.runSuitesSequentially(TestNG.java:1212)
at org.testng.TestNG.runSuitesLocally(TestNG.java:1134)
at org.testng.TestNG.runSuites(TestNG.java:1063)
at org.testng.TestNG.run(TestNG.java:1031)
at org.testng.remote.AbstractRemoteTestNG.run(AbstractRemoteTestNG.java:115)
at org.testng.remote.RemoteTestNG.initAndRun(RemoteTestNG.java:251)
at org.testng.remote.RemoteTestNG.main(RemoteTestNG.java:77)
Caused by: org.openqa.selenium.WebDriverException: Session [null] not available and is not among the last 1000 terminated sessions.
Active sessions are[ext. key d897e341-3d0d-46c3-b155-0d0475123414]
Build info: version: '2.53.0', revision: '35ae25b1534ae328c771e0856c93e187490ca824', time: '2016-03-15 10:43:46'
System info: host: 'Developer', ip: '172.20.32.1', os.name: 'Windows 11', os.arch: 'amd64', os.version: '10.0', java.version: '17.0.2'
Driver info: driver.version: unknown
at org.openqa.grid.internal.ActiveTestSessions.getExistingSession(ActiveTestSessions.java:120)
at org.openqa.grid.internal.DefaultGridRegistry.getExistingSession(DefaultGridRegistry.java:379)
at org.openqa.grid.web.servlet.handler.RequestHandler.getSession(RequestHandler.java:241)
at org.openqa.grid.web.servlet.handler.RequestHandler.process(RequestHandler.java:123)
at org.openqa.grid.web.servlet.DriverServlet.process(DriverServlet.java:85)
at org.openqa.grid.web.servlet.DriverServlet.doPost(DriverServlet.java:69)
at javax.servlet.http.HttpServlet.service(HttpServlet.java:707)
at javax.servlet.http.HttpServlet.service(HttpServlet.java:790)
at org.seleniumhq.jetty9.servlet.ServletHolder.handle(ServletHolder.java:860)
at org.seleniumhq.jetty9.servlet.ServletHandler.doHandle(ServletHandler.java:535)
at org.seleniumhq.jetty9.server.handler.ScopedHandler.handle(ScopedHandler.java:143)
at org.seleniumhq.jetty9.security.SecurityHandler.handle(SecurityHandler.java:548)
at org.seleniumhq.jetty9.server.handler.HandlerWrapper.handle(HandlerWrapper.java:132)
at org.seleniumhq.jetty9.server.handler.ScopedHandler.nextHandle(ScopedHandler.java:190)
at org.seleniumhq.jetty9.server.session.SessionHandler.doHandle(SessionHandler.java:1595)
at org.seleniumhq.jetty9.server.handler.ScopedHandler.nextHandle(ScopedHandler.java:188)
at org.seleniumhq.jetty9.server.handler.ContextHandler.doHandle(ContextHandler.java:1253)
at org.seleniumhq.jetty9.server.handler.ScopedHandler.nextScope(ScopedHandler.java:168)
at org.seleniumhq.jetty9.servlet.ServletHandler.doScope(ServletHandler.java:473)
at org.seleniumhq.jetty9.server.session.SessionHandler.doScope(SessionHandler.java:1564)
at org.seleniumhq.jetty9.server.handler.ScopedHandler.nextScope(ScopedHandler.java:166)
at org.seleniumhq.jetty9.server.handler.ContextHandler.doScope(ContextHandler.java:1155)
at org.seleniumhq.jetty9.server.handler.ScopedHandler.handle(ScopedHandler.java:141)
at org.seleniumhq.jetty9.server.handler.HandlerWrapper.handle(HandlerWrapper.java:132)
at org.seleniumhq.jetty9.server.Server.handle(Server.java:530)
at org.seleniumhq.jetty9.server.HttpChannel.handle(HttpChannel.java:347)
at org.seleniumhq.jetty9.server.HttpConnection.onFillable(HttpConnection.java:256)
at org.seleniumhq.jetty9.io.AbstractConnection$ReadCallback.succeeded(AbstractConnection.java:279)
at org.seleniumhq.jetty9.io.FillInterest.fillable(FillInterest.java:102)
at org.seleniumhq.jetty9.io.ChannelEndPoint$2.run(ChannelEndPoint.java:124)
at org.seleniumhq.jetty9.util.thread.strategy.EatWhatYouKill.doProduce(EatWhatYouKill.java:247)
at org.seleniumhq.jetty9.util.thread.strategy.EatWhatYouKill.produce(EatWhatYouKill.java:140)
at org.seleniumhq.jetty9.util.thread.strategy.EatWhatYouKill.run(EatWhatYouKill.java:131)
at org.seleniumhq.jetty9.util.thread.ReservedThreadExecutor$ReservedThread.run(ReservedThreadExecutor.java:382)
at org.seleniumhq.jetty9.util.thread.QueuedThreadPool.runJob(QueuedThreadPool.java:708)
at org.seleniumhq.jetty9.util.thread.QueuedThreadPool$2.run(QueuedThreadPool.java:626)
at java.lang.Thread.run(Thread.java:748)
]]>
            </full-stacktrace>
          </exception> <!-- org.openqa.selenium.WebDriverException -->
          <reporter-output>
          </reporter-output>
        </test-method> <!-- beforeClass -->
        <test-method signature="menu()[pri:0, instance:demo.Mobile@6da21078]" started-at="2022-07-19T14:02:27 GMT-05:00" name="menu" finished-at="2022-07-19T14:02:27 GMT-05:00" duration-ms="0" status="SKIP">
          <exception class="org.openqa.selenium.WebDriverException">
            <message>
              <![CDATA[Session [null] not available and is not among the last 1000 terminated sessions.
Active sessions are[ext. key d897e341-3d0d-46c3-b155-0d0475123414]
Command duration or timeout: 43 milliseconds
Build info: version: '2.53.0', revision: '35ae25b1534ae328c771e0856c93e187490ca824', time: '2016-03-15 10:43:46'
System info: host: 'Developer', ip: '172.20.32.1', os.name: 'Windows 11', os.arch: 'amd64', os.version: '10.0', java.version: '17.0.2'
Driver info: io.appium.java_client.android.AndroidDriver
Capabilities [{capabilities={appPackage=com.spotify.music, server:CONFIG_UUID=34b4d2a3-dbf6-46a8-8189-00f76c6b29b8, statBarHeight=72, noReset=false, viewportRect={top=72, left=0, width=1080, height=1704}, deviceName=emulator-5554, fullReset=true, platform=LINUX, deviceUDID=emulator-5554, desired={app=/opt/spotify.apk, appActivity=com.spotify.music.MainActivity, appPackage=com.spotify.music, server:CONFIG_UUID=34b4d2a3-dbf6-46a8-8189-00f76c6b29b8, noReset=false, automationName=UIAutomator2, platformName=android, deviceName=emulator-5554, fullReset=true}, platformVersion=7.1.1, webStorageEnabled=false, automationName=UIAutomator2, takesScreenshot=true, javascriptEnabled=true, platformName=android, deviceApiLevel=25, deviceManufacturer=Google, app=/opt/spotify.apk, deviceScreenSize=1080x1920, networkConnectionEnabled=true, warnings={}, databaseEnabled=false, appActivity=com.spotify.music.MainActivity, pixelRatio=3, locationContextEnabled=false, deviceScreenDensity=480, deviceModel=Android SDK built for x86}, sessionId=d897e341-3d0d-46c3-b155-0d0475123414, platform=ANY}]
Session ID: null]]>
            </message>
            <full-stacktrace>
              <![CDATA[org.openqa.selenium.WebDriverException: Session [null] not available and is not among the last 1000 terminated sessions.
Active sessions are[ext. key d897e341-3d0d-46c3-b155-0d0475123414]
Command duration or timeout: 43 milliseconds
Build info: version: '2.53.0', revision: '35ae25b1534ae328c771e0856c93e187490ca824', time: '2016-03-15 10:43:46'
System info: host: 'Developer', ip: '172.20.32.1', os.name: 'Windows 11', os.arch: 'amd64', os.version: '10.0', java.version: '17.0.2'
Driver info: io.appium.java_client.android.AndroidDriver
Capabilities [{capabilities={appPackage=com.spotify.music, server:CONFIG_UUID=34b4d2a3-dbf6-46a8-8189-00f76c6b29b8, statBarHeight=72, noReset=false, viewportRect={top=72, left=0, width=1080, height=1704}, deviceName=emulator-5554, fullReset=true, platform=LINUX, deviceUDID=emulator-5554, desired={app=/opt/spotify.apk, appActivity=com.spotify.music.MainActivity, appPackage=com.spotify.music, server:CONFIG_UUID=34b4d2a3-dbf6-46a8-8189-00f76c6b29b8, noReset=false, automationName=UIAutomator2, platformName=android, deviceName=emulator-5554, fullReset=true}, platformVersion=7.1.1, webStorageEnabled=false, automationName=UIAutomator2, takesScreenshot=true, javascriptEnabled=true, platformName=android, deviceApiLevel=25, deviceManufacturer=Google, app=/opt/spotify.apk, deviceScreenSize=1080x1920, networkConnectionEnabled=true, warnings={}, databaseEnabled=false, appActivity=com.spotify.music.MainActivity, pixelRatio=3, locationContextEnabled=false, deviceScreenDensity=480, deviceModel=Android SDK built for x86}, sessionId=d897e341-3d0d-46c3-b155-0d0475123414, platform=ANY}]
Session ID: null
at java.base/jdk.internal.reflect.NativeConstructorAccessorImpl.newInstance0(Native Method)
at java.base/jdk.internal.reflect.NativeConstructorAccessorImpl.newInstance(NativeConstructorAccessorImpl.java:77)
at java.base/jdk.internal.reflect.DelegatingConstructorAccessorImpl.newInstance(DelegatingConstructorAccessorImpl.java:45)
at java.base/java.lang.reflect.Constructor.newInstanceWithCaller(Constructor.java:499)
at java.base/java.lang.reflect.Constructor.newInstance(Constructor.java:480)
at org.openqa.selenium.remote.ErrorHandler.createThrowable(ErrorHandler.java:206)
at org.openqa.selenium.remote.ErrorHandler.throwIfResponseFailed(ErrorHandler.java:158)
at org.openqa.selenium.remote.RemoteWebDriver.execute(RemoteWebDriver.java:678)
at io.appium.java_client.DefaultGenericMobileDriver.execute(DefaultGenericMobileDriver.java:43)
at io.appium.java_client.AppiumDriver.execute(AppiumDriver.java:1)
at io.appium.java_client.android.AndroidDriver.execute(AndroidDriver.java:1)
at org.openqa.selenium.remote.RemoteWebDriver$RemoteWebDriverOptions$RemoteTimeouts.implicitlyWait(RemoteWebDriver.java:865)
at demo.Mobile.beforeClass(Mobile.java:80)
at java.base/jdk.internal.reflect.NativeMethodAccessorImpl.invoke0(Native Method)
at java.base/jdk.internal.reflect.NativeMethodAccessorImpl.invoke(NativeMethodAccessorImpl.java:77)
at java.base/jdk.internal.reflect.DelegatingMethodAccessorImpl.invoke(DelegatingMethodAccessorImpl.java:43)
at java.base/java.lang.reflect.Method.invoke(Method.java:568)
at org.testng.internal.MethodInvocationHelper.invokeMethod(MethodInvocationHelper.java:133)
at org.testng.internal.MethodInvocationHelper.invokeMethodConsideringTimeout(MethodInvocationHelper.java:62)
at org.testng.internal.ConfigInvoker.invokeConfigurationMethod(ConfigInvoker.java:385)
at org.testng.internal.ConfigInvoker.invokeConfigurations(ConfigInvoker.java:321)
at org.testng.TestRunner.invokeTestConfigurations(TestRunner.java:637)
at org.testng.TestRunner.beforeRun(TestRunner.java:627)
at org.testng.TestRunner.run(TestRunner.java:589)
at org.testng.SuiteRunner.runTest(SuiteRunner.java:377)
at org.testng.SuiteRunner.runSequentially(SuiteRunner.java:371)
at org.testng.SuiteRunner.privateRun(SuiteRunner.java:332)
at org.testng.SuiteRunner.run(SuiteRunner.java:276)
at org.testng.SuiteRunnerWorker.runSuite(SuiteRunnerWorker.java:53)
at org.testng.SuiteRunnerWorker.run(SuiteRunnerWorker.java:96)
at org.testng.TestNG.runSuitesSequentially(TestNG.java:1212)
at org.testng.TestNG.runSuitesLocally(TestNG.java:1134)
at org.testng.TestNG.runSuites(TestNG.java:1063)
at org.testng.TestNG.run(TestNG.java:1031)
at org.testng.remote.AbstractRemoteTestNG.run(AbstractRemoteTestNG.java:115)
at org.testng.remote.RemoteTestNG.initAndRun(RemoteTestNG.java:251)
at org.testng.remote.RemoteTestNG.main(RemoteTestNG.java:77)
Caused by: org.openqa.selenium.WebDriverException: Session [null] not available and is not among the last 1000 terminated sessions.
Active sessions are[ext. key d897e341-3d0d-46c3-b155-0d0475123414]
Build info: version: '2.53.0', revision: '35ae25b1534ae328c771e0856c93e187490ca824', time: '2016-03-15 10:43:46'
System info: host: 'Developer', ip: '172.20.32.1', os.name: 'Windows 11', os.arch: 'amd64', os.version: '10.0', java.version: '17.0.2'
Driver info: driver.version: unknown
at org.openqa.grid.internal.ActiveTestSessions.getExistingSession(ActiveTestSessions.java:120)
at org.openqa.grid.internal.DefaultGridRegistry.getExistingSession(DefaultGridRegistry.java:379)
at org.openqa.grid.web.servlet.handler.RequestHandler.getSession(RequestHandler.java:241)
at org.openqa.grid.web.servlet.handler.RequestHandler.process(RequestHandler.java:123)
at org.openqa.grid.web.servlet.DriverServlet.process(DriverServlet.java:85)
at org.openqa.grid.web.servlet.DriverServlet.doPost(DriverServlet.java:69)
at javax.servlet.http.HttpServlet.service(HttpServlet.java:707)
at javax.servlet.http.HttpServlet.service(HttpServlet.java:790)
at org.seleniumhq.jetty9.servlet.ServletHolder.handle(ServletHolder.java:860)
at org.seleniumhq.jetty9.servlet.ServletHandler.doHandle(ServletHandler.java:535)
at org.seleniumhq.jetty9.server.handler.ScopedHandler.handle(ScopedHandler.java:143)
at org.seleniumhq.jetty9.security.SecurityHandler.handle(SecurityHandler.java:548)
at org.seleniumhq.jetty9.server.handler.HandlerWrapper.handle(HandlerWrapper.java:132)
at org.seleniumhq.jetty9.server.handler.ScopedHandler.nextHandle(ScopedHandler.java:190)
at org.seleniumhq.jetty9.server.session.SessionHandler.doHandle(SessionHandler.java:1595)
at org.seleniumhq.jetty9.server.handler.ScopedHandler.nextHandle(ScopedHandler.java:188)
at org.seleniumhq.jetty9.server.handler.ContextHandler.doHandle(ContextHandler.java:1253)
at org.seleniumhq.jetty9.server.handler.ScopedHandler.nextScope(ScopedHandler.java:168)
at org.seleniumhq.jetty9.servlet.ServletHandler.doScope(ServletHandler.java:473)
at org.seleniumhq.jetty9.server.session.SessionHandler.doScope(SessionHandler.java:1564)
at org.seleniumhq.jetty9.server.handler.ScopedHandler.nextScope(ScopedHandler.java:166)
at org.seleniumhq.jetty9.server.handler.ContextHandler.doScope(ContextHandler.java:1155)
at org.seleniumhq.jetty9.server.handler.ScopedHandler.handle(ScopedHandler.java:141)
at org.seleniumhq.jetty9.server.handler.HandlerWrapper.handle(HandlerWrapper.java:132)
at org.seleniumhq.jetty9.server.Server.handle(Server.java:530)
at org.seleniumhq.jetty9.server.HttpChannel.handle(HttpChannel.java:347)
at org.seleniumhq.jetty9.server.HttpConnection.onFillable(HttpConnection.java:256)
at org.seleniumhq.jetty9.io.AbstractConnection$ReadCallback.succeeded(AbstractConnection.java:279)
at org.seleniumhq.jetty9.io.FillInterest.fillable(FillInterest.java:102)
at org.seleniumhq.jetty9.io.ChannelEndPoint$2.run(ChannelEndPoint.java:124)
at org.seleniumhq.jetty9.util.thread.strategy.EatWhatYouKill.doProduce(EatWhatYouKill.java:247)
at org.seleniumhq.jetty9.util.thread.strategy.EatWhatYouKill.produce(EatWhatYouKill.java:140)
at org.seleniumhq.jetty9.util.thread.strategy.EatWhatYouKill.run(EatWhatYouKill.java:131)
at org.seleniumhq.jetty9.util.thread.ReservedThreadExecutor$ReservedThread.run(ReservedThreadExecutor.java:382)
at org.seleniumhq.jetty9.util.thread.QueuedThreadPool.runJob(QueuedThreadPool.java:708)
at org.seleniumhq.jetty9.util.thread.QueuedThreadPool$2.run(QueuedThreadPool.java:626)
at java.lang.Thread.run(Thread.java:748)
]]>
            </full-stacktrace>
          </exception> <!-- org.openqa.selenium.WebDriverException -->
          <reporter-output>
          </reporter-output>
        </test-method> <!-- menu -->
        <test-method is-config="true" signature="afterClass()[pri:0, instance:demo.Mobile@6da21078]" started-at="2022-07-19T14:02:27 GMT-05:00" name="afterClass" finished-at="1969-12-31T18:00:00 GMT-06:00" duration-ms="-1658257347259" status="SKIP">
          <reporter-output>
          </reporter-output>
        </test-method> <!-- afterClass -->
      </class> <!-- demo.Mobile -->
    </test> <!-- Default test -->
  </suite> <!-- Default suite -->
</testng-results>
